ISim log file
Running: D:\ASU\Sphomore\CSE221  Logic Design and Computer Organization\Major task\phase 2\Phase2_v3\testbench_isim_beh.exe -intstyle ise -gui -tclbatch isim.cmd -wdb D:/ASU/Sphomore/CSE221  Logic Design and Computer Organization/Major task/phase 2/Phase2_v3/testbench_isim_beh.wdb 
ISim P.58f (signature 0x7708f090)
This is a Full version of ISim.
Time resolution is 1 ps
# onerror resume
# wave add /
# run 1000 ns
Simulator is doing circuit initialization process.
at 0 ps, Instance /testbench/dut/MIPS_Processor/datapath/alu_inst/ : Warning: There is an 'U'|'X'|'W'|'Z'|'-' in an arithmetic operand, the result will be 'X'(es).
at 0 ps, Instance /testbench/dut/MIPS_Processor/datapath/alu_inst/ : Warning: There is an 'U'|'X'|'W'|'Z'|'-' in an arithmetic operand, the result will be 'X'(es).
at 0 ps, Instance /testbench/dut/Instruction_Memory/ : Warning: CONV_INTEGER: There is an 'U'|'X'|'W'|'Z'|'-' in an arithmetic operand, and it has been converted to 0.
at 0 ps, Instance /testbench/dut/Data_Memory/ : Warning: CONV_INTEGER: There is an 'U'|'X'|'W'|'Z'|'-' in an arithmetic operand, and it has been converted to 0.
Finished circuit initialization process.
at 0 ps, Instance /testbench/dut/Data_Memory/ : Warning: CONV_INTEGER: There is an 'U'|'X'|'W'|'Z'|'-' in an arithmetic operand, and it has been converted to 0.
at 0 ps, Instance /testbench/dut/MIPS_Processor/datapath/alu_inst/ : Warning: There is an 'U'|'X'|'W'|'Z'|'-' in an arithmetic operand, the result will be 'X'(es).
at 0 ps, Instance /testbench/dut/MIPS_Processor/datapath/alu_inst/ : Warning: There is an 'U'|'X'|'W'|'Z'|'-' in an arithmetic operand, the result will be 'X'(es).
at 0 ps, Instance /testbench/dut/MIPS_Processor/datapath/alu_inst/ : Warning: There is an 'U'|'X'|'W'|'Z'|'-' in an arithmetic operand, the result will be 'X'(es).
at 0 ps, Instance /testbench/dut/Data_Memory/ : Warning: CONV_INTEGER: There is an 'U'|'X'|'W'|'Z'|'-' in an arithmetic operand, and it has been converted to 0.
at 0 ps, Instance /testbench/dut/Data_Memory/ : Warning: CONV_INTEGER: There is an 'U'|'X'|'W'|'Z'|'-' in an arithmetic operand, and it has been converted to 0.
at 80 ns(6), Instance /testbench/dut/MIPS_Processor/datapath/alu_inst/ : Warning: There is an 'U'|'X'|'W'|'Z'|'-' in an arithmetic operand, the result will be 'X'(es).
at 80 ns(7), Instance /testbench/dut/MIPS_Processor/datapath/alu_inst/ : Warning: There is an 'U'|'X'|'W'|'Z'|'-' in an arithmetic operand, the result will be 'X'(es).
at 80 ns(10), Instance /testbench/dut/Data_Memory/ : Warning: CONV_INTEGER: There is an 'U'|'X'|'W'|'Z'|'-' in an arithmetic operand, and it has been converted to 0.
at 80 ns(12), Instance /testbench/dut/Data_Memory/ : Warning: CONV_INTEGER: There is an 'U'|'X'|'W'|'Z'|'-' in an arithmetic operand, and it has been converted to 0.
at 100 ns(6), Instance /testbench/dut/MIPS_Processor/datapath/alu_inst/ : Warning: There is an 'U'|'X'|'W'|'Z'|'-' in an arithmetic operand, the result will be 'X'(es).
at 100 ns(7), Instance /testbench/dut/MIPS_Processor/datapath/alu_inst/ : Warning: There is an 'U'|'X'|'W'|'Z'|'-' in an arithmetic operand, the result will be 'X'(es).
at 100 ns(10), Instance /testbench/dut/Data_Memory/ : Warning: CONV_INTEGER: There is an 'U'|'X'|'W'|'Z'|'-' in an arithmetic operand, and it has been converted to 0.
at 100 ns(12), Instance /testbench/dut/Data_Memory/ : Warning: CONV_INTEGER: There is an 'U'|'X'|'W'|'Z'|'-' in an arithmetic operand, and it has been converted to 0.
at 140 ns(6), Instance /testbench/dut/MIPS_Processor/datapath/alu_inst/ : Warning: There is an 'U'|'X'|'W'|'Z'|'-' in an arithmetic operand, the result will be 'X'(es).
at 140 ns(7), Instance /testbench/dut/MIPS_Processor/datapath/alu_inst/ : Warning: There is an 'U'|'X'|'W'|'Z'|'-' in an arithmetic operand, the result will be 'X'(es).
at 140 ns(10), Instance /testbench/dut/Data_Memory/ : Warning: CONV_INTEGER: There is an 'U'|'X'|'W'|'Z'|'-' in an arithmetic operand, and it has been converted to 0.
at 140 ns(12), Instance /testbench/dut/Data_Memory/ : Warning: CONV_INTEGER: There is an 'U'|'X'|'W'|'Z'|'-' in an arithmetic operand, and it has been converted to 0.

** Failure:NO ERRORS: Simulation succeeded
User(VHDL) Code Called Simulation Stop
In process test.vhd:40 
 
INFO: Simulator is stopped.
