Release 14.5 - xst P.58f (nt64)
Copyright (c) 1995-2012 Xilinx, Inc.  All rights reserved.
--> Parameter TMPDIR set to xst/projnav.tmp


Total REAL time to Xst completion: 0.00 secs
Total CPU time to Xst completion: 0.21 secs
 
--> Parameter xsthdpdir set to xst


Total REAL time to Xst completion: 0.00 secs
Total CPU time to Xst completion: 0.21 secs
 
--> Reading design: Main_Module.prj

TABLE OF CONTENTS
  1) Synthesis Options Summary
  2) HDL Parsing
  3) HDL Elaboration
  4) HDL Synthesis
       4.1) HDL Synthesis Report
  5) Advanced HDL Synthesis
       5.1) Advanced HDL Synthesis Report
  6) Low Level Synthesis
  7) Partition Report
  8) Design Summary
       8.1) Primitive and Black Box Usage
       8.2) Device utilization summary
       8.3) Partition Resource Summary
       8.4) Timing Report
            8.4.1) Clock Information
            8.4.2) Asynchronous Control Signals Information
            8.4.3) Timing Summary
            8.4.4) Timing Details
            8.4.5) Cross Clock Domains Report


=========================================================================
*                      Synthesis Options Summary                        *
=========================================================================
---- Source Parameters
Input File Name                    : "Main_Module.prj"
Ignore Synthesis Constraint File   : NO

---- Target Parameters
Output File Name                   : "Main_Module"
Output Format                      : NGC
Target Device                      : xc7a100t-3-csg324

---- Source Options
Top Module Name                    : Main_Module
Automatic FSM Extraction           : YES
FSM Encoding Algorithm             : Auto
Safe Implementation                : No
FSM Style                          : LUT
RAM Extraction                     : Yes
RAM Style                          : Auto
ROM Extraction                     : Yes
Shift Register Extraction          : YES
ROM Style                          : Auto
Resource Sharing                   : YES
Asynchronous To Synchronous        : NO
Shift Register Minimum Size        : 2
Use DSP Block                      : Auto
Automatic Register Balancing       : No

---- Target Options
LUT Combining                      : Auto
Reduce Control Sets                : Auto
Add IO Buffers                     : YES
Global Maximum Fanout              : 100000
Add Generic Clock Buffer(BUFG)     : 32
Register Duplication               : YES
Optimize Instantiated Primitives   : NO
Use Clock Enable                   : Auto
Use Synchronous Set                : Auto
Use Synchronous Reset              : Auto
Pack IO Registers into IOBs        : Auto
Equivalent register Removal        : YES

---- General Options
Optimization Goal                  : Speed
Optimization Effort                : 1
Power Reduction                    : NO
Keep Hierarchy                     : No
Netlist Hierarchy                  : As_Optimized
RTL Output                         : Yes
Global Optimization                : AllClockNets
Read Cores                         : YES
Write Timing Constraints           : NO
Cross Clock Analysis               : NO
Hierarchy Separator                : /
Bus Delimiter                      : <>
Case Specifier                     : Maintain
Slice Utilization Ratio            : 100
BRAM Utilization Ratio             : 100
DSP48 Utilization Ratio            : 100
Auto BRAM Packing                  : NO
Slice Utilization Ratio Delta      : 5

=========================================================================


=========================================================================
*                          HDL Parsing                                  *
=========================================================================
Parsing VHDL file "D:\ASU\Sphomore\CSE221  Logic Design and Computer Organization\Major task\phase 2\Phase2_v3\Registers.vhd" into library work
Parsing entity <Registers>.
Parsing architecture <Behavioral> of entity <registers>.
Parsing VHDL file "D:\ASU\Sphomore\CSE221  Logic Design and Computer Organization\Major task\phase 2\Phase2_v3\Register0.vhd" into library work
Parsing entity <Register0>.
Parsing architecture <Behavioral> of entity <register0>.
Parsing VHDL file "D:\ASU\Sphomore\CSE221  Logic Design and Computer Organization\Major task\phase 2\Phase2_v3\MyPackage.vhd" into library work
Parsing package <MyPackage>.
Parsing VHDL file "D:\ASU\Sphomore\CSE221  Logic Design and Computer Organization\Major task\phase 2\Phase2_v3\MUX_32_V2.vhd" into library work
Parsing entity <MUX_32_V2>.
Parsing architecture <Behavioral> of entity <mux_32_v2>.
Parsing VHDL file "D:\ASU\Sphomore\CSE221  Logic Design and Computer Organization\Major task\phase 2\Phase2_v3\Decoder.vhd" into library work
Parsing entity <Decoder_1_to_32>.
Parsing architecture <Behavioral> of entity <decoder_1_to_32>.
Parsing VHDL file "D:\ASU\Sphomore\CSE221  Logic Design and Computer Organization\Major task\phase 2\Phase2_v3\SL2.vhd" into library work
Parsing entity <SL2>.
Parsing architecture <Behavioral> of entity <sl2>.
Parsing VHDL file "D:\ASU\Sphomore\CSE221  Logic Design and Computer Organization\Major task\phase 2\Phase2_v3\signExtend.vhd" into library work
Parsing entity <signExtend>.
Parsing architecture <Behavioral> of entity <signextend>.
Parsing VHDL file "D:\ASU\Sphomore\CSE221  Logic Design and Computer Organization\Major task\phase 2\Phase2_v3\RegisterFile.vhd" into library work
Parsing entity <RegisterFile>.
Parsing architecture <Behavioral> of entity <registerfile>.
WARNING:HDLCompiler:946 - "D:\ASU\Sphomore\CSE221  Logic Design and Computer Organization\Major task\phase 2\Phase2_v3\RegisterFile.vhd" Line 92: Actual for formal port load is neither a static name nor a globally static expression
Parsing VHDL file "D:\ASU\Sphomore\CSE221  Logic Design and Computer Organization\Major task\phase 2\Phase2_v3\MyPackage1.vhd" into library work
Parsing package <MyPackage1>.
Parsing VHDL file "D:\ASU\Sphomore\CSE221  Logic Design and Computer Organization\Major task\phase 2\Phase2_v3\MUX_2.vhd" into library work
Parsing entity <MUX_2>.
Parsing architecture <Behavioral> of entity <mux_2>.
Parsing VHDL file "D:\ASU\Sphomore\CSE221  Logic Design and Computer Organization\Major task\phase 2\Phase2_v3\Main_Decoder.vhd" into library work
Parsing entity <Main_Decoder>.
Parsing architecture <Behavioral> of entity <main_decoder>.
Parsing VHDL file "D:\ASU\Sphomore\CSE221  Logic Design and Computer Organization\Major task\phase 2\Phase2_v3\ALUdecoder.vhd" into library work
Parsing entity <ALUdecoder>.
Parsing architecture <Behavioral> of entity <aludecoder>.
Parsing VHDL file "D:\ASU\Sphomore\CSE221  Logic Design and Computer Organization\Major task\phase 2\Phase2_v3\ALU.vhd" into library work
Parsing entity <ALU>.
INFO:HDLCompiler:1676 - "D:\ASU\Sphomore\CSE221  Logic Design and Computer Organization\Major task\phase 2\Phase2_v3\ALU.vhd" Line 29. declaration of a buffer port will make it difficult for you to validate this design by simulation. It is preferable to declare it as output
Parsing architecture <Behavioral> of entity <alu>.
Parsing VHDL file "D:\ASU\Sphomore\CSE221  Logic Design and Computer Organization\Major task\phase 2\Phase2_v3\Adder.vhd" into library work
Parsing entity <Adder>.
Parsing architecture <Behavioral> of entity <adder>.
Parsing VHDL file "D:\ASU\Sphomore\CSE221  Logic Design and Computer Organization\Major task\phase 2\Phase2_v3\MyPackage2.vhd" into library work
Parsing package <MyPackage2>.
INFO:HDLCompiler:1676 - "D:\ASU\Sphomore\CSE221  Logic Design and Computer Organization\Major task\phase 2\Phase2_v3\MyPackage2.vhd" Line 15. declaration of a buffer port will make it difficult for you to validate this design by simulation. It is preferable to declare it as output
INFO:HDLCompiler:1676 - "D:\ASU\Sphomore\CSE221  Logic Design and Computer Organization\Major task\phase 2\Phase2_v3\MyPackage2.vhd" Line 16. declaration of a buffer port will make it difficult for you to validate this design by simulation. It is preferable to declare it as output
Parsing package body <MyPackage2>.
Parsing VHDL file "D:\ASU\Sphomore\CSE221  Logic Design and Computer Organization\Major task\phase 2\Phase2_v3\datapath.vhd" into library work
Parsing entity <datapath>.
INFO:HDLCompiler:1676 - "D:\ASU\Sphomore\CSE221  Logic Design and Computer Organization\Major task\phase 2\Phase2_v3\datapath.vhd" Line 17. declaration of a buffer port will make it difficult for you to validate this design by simulation. It is preferable to declare it as output
INFO:HDLCompiler:1676 - "D:\ASU\Sphomore\CSE221  Logic Design and Computer Organization\Major task\phase 2\Phase2_v3\datapath.vhd" Line 18. declaration of a buffer port will make it difficult for you to validate this design by simulation. It is preferable to declare it as output
Parsing architecture <Behavioral> of entity <datapath>.
Parsing VHDL file "D:\ASU\Sphomore\CSE221  Logic Design and Computer Organization\Major task\phase 2\Phase2_v3\Controller.vhd" into library work
Parsing entity <Controller>.
Parsing architecture <Behavioral> of entity <controller>.
Parsing VHDL file "D:\ASU\Sphomore\CSE221  Logic Design and Computer Organization\Major task\phase 2\Phase2_v3\mips.vhd" into library work
Parsing entity <mips>.
INFO:HDLCompiler:1676 - "D:\ASU\Sphomore\CSE221  Logic Design and Computer Organization\Major task\phase 2\Phase2_v3\mips.vhd" Line 12. declaration of a buffer port will make it difficult for you to validate this design by simulation. It is preferable to declare it as output
Parsing architecture <Behavioral> of entity <mips>.
Parsing VHDL file "D:\ASU\Sphomore\CSE221  Logic Design and Computer Organization\Major task\phase 2\Phase2_v3\imem.vhd" into library work
Parsing entity <imem>.
Parsing architecture <behave> of entity <imem>.
Parsing VHDL file "D:\ASU\Sphomore\CSE221  Logic Design and Computer Organization\Major task\phase 2\Phase2_v3\dmem.vhd" into library work
Parsing entity <dmem>.
Parsing architecture <behave> of entity <dmem>.
Parsing VHDL file "D:\ASU\Sphomore\CSE221  Logic Design and Computer Organization\Major task\phase 2\Phase2_v3\Main_Module.vhd" into library work
Parsing entity <Main_Module>.
Parsing architecture <Behavioral> of entity <main_module>.

=========================================================================
*                            HDL Elaboration                            *
=========================================================================

Elaborating entity <Main_Module> (architecture <Behavioral>) from library <work>.

Elaborating entity <mips> (architecture <Behavioral>) from library <work>.

Elaborating entity <datapath> (architecture <Behavioral>) from library <work>.

Elaborating entity <RegisterFile> (architecture <Behavioral>) from library <work>.

Elaborating entity <Decoder_1_to_32> (architecture <Behavioral>) from library <work>.
INFO:HDLCompiler:679 - "D:\ASU\Sphomore\CSE221  Logic Design and Computer Organization\Major task\phase 2\Phase2_v3\Decoder.vhd" Line 114. Case statement is complete. others clause is never selected

Elaborating entity <Register0> (architecture <Behavioral>) with generics from library <work>.
WARNING:HDLCompiler:1127 - "D:\ASU\Sphomore\CSE221  Logic Design and Computer Organization\Major task\phase 2\Phase2_v3\Register0.vhd" Line 19: Assignment to internal_d ignored, since the identifier is never used

Elaborating entity <Registers> (architecture <Behavioral>) with generics from library <work>.

Elaborating entity <MUX_32_V2> (architecture <Behavioral>) from library <work>.
INFO:HDLCompiler:679 - "D:\ASU\Sphomore\CSE221  Logic Design and Computer Organization\Major task\phase 2\Phase2_v3\MUX_32_V2.vhd" Line 82. Case statement is complete. others clause is never selected

Elaborating entity <ALU> (architecture <Behavioral>) from library <work>.

Elaborating entity <signExtend> (architecture <Behavioral>) from library <work>.

Elaborating entity <MUX_2> (architecture <Behavioral>) with generics from library <work>.

Elaborating entity <MUX_2> (architecture <Behavioral>) with generics from library <work>.

Elaborating entity <Adder> (architecture <Behavioral>) from library <work>.

Elaborating entity <SL2> (architecture <Behavioral>) with generics from library <work>.

Elaborating entity <Controller> (architecture <Behavioral>) from library <work>.

Elaborating entity <Main_Decoder> (architecture <Behavioral>) from library <work>.

Elaborating entity <ALUdecoder> (architecture <Behavioral>) from library <work>.

Elaborating entity <imem> (architecture <behave>) from library <work>.

Elaborating entity <dmem> (architecture <behave>) from library <work>.

=========================================================================
*                           HDL Synthesis                               *
=========================================================================

Synthesizing Unit <Main_Module>.
    Related source file is "D:\ASU\Sphomore\CSE221  Logic Design and Computer Organization\Major task\phase 2\Phase2_v3\Main_Module.vhd".
    Summary:
	no macro.
Unit <Main_Module> synthesized.

Synthesizing Unit <mips>.
    Related source file is "D:\ASU\Sphomore\CSE221  Logic Design and Computer Organization\Major task\phase 2\Phase2_v3\mips.vhd".
    Summary:
	no macro.
Unit <mips> synthesized.

Synthesizing Unit <datapath>.
    Related source file is "D:\ASU\Sphomore\CSE221  Logic Design and Computer Organization\Major task\phase 2\Phase2_v3\datapath.vhd".
WARNING:Xst:647 - Input <instr<31:26>> is never used. This port will be preserved and left unconnected if it belongs to a top-level block or it belongs to a sub-block and the hierarchy of this sub-block is preserved.
    Summary:
	no macro.
Unit <datapath> synthesized.

Synthesizing Unit <RegisterFile>.
    Related source file is "D:\ASU\Sphomore\CSE221  Logic Design and Computer Organization\Major task\phase 2\Phase2_v3\RegisterFile.vhd".
INFO:Xst:3210 - "D:\ASU\Sphomore\CSE221  Logic Design and Computer Organization\Major task\phase 2\Phase2_v3\RegisterFile.vhd" line 32: Output port <Y0> of the instance <Decoder_inst> is unconnected or connected to loadless signal.
    Summary:
	no macro.
Unit <RegisterFile> synthesized.

Synthesizing Unit <Decoder_1_to_32>.
    Related source file is "D:\ASU\Sphomore\CSE221  Logic Design and Computer Organization\Major task\phase 2\Phase2_v3\Decoder.vhd".
    Found 32x32-bit Read Only RAM for signal <_n0065>
    Summary:
	inferred   1 RAM(s).
Unit <Decoder_1_to_32> synthesized.

Synthesizing Unit <Register0>.
    Related source file is "D:\ASU\Sphomore\CSE221  Logic Design and Computer Organization\Major task\phase 2\Phase2_v3\Register0.vhd".
        n = 32
WARNING:Xst:647 - Input <D> is never used. This port will be preserved and left unconnected if it belongs to a top-level block or it belongs to a sub-block and the hierarchy of this sub-block is preserved.
WARNING:Xst:647 - Input <load> is never used. This port will be preserved and left unconnected if it belongs to a top-level block or it belongs to a sub-block and the hierarchy of this sub-block is preserved.
    WARNING:Xst:2404 -  FFs/Latches <Q<31:0>> (without init value) have a constant value of 0 in block <Register0>.
    Summary:
	no macro.
Unit <Register0> synthesized.

Synthesizing Unit <Registers>.
    Related source file is "D:\ASU\Sphomore\CSE221  Logic Design and Computer Organization\Major task\phase 2\Phase2_v3\Registers.vhd".
        n = 32
    Found 32-bit register for signal <Q>.
    Summary:
	inferred  32 D-type flip-flop(s).
Unit <Registers> synthesized.

Synthesizing Unit <MUX_32_V2>.
    Related source file is "D:\ASU\Sphomore\CSE221  Logic Design and Computer Organization\Major task\phase 2\Phase2_v3\MUX_32_V2.vhd".
    Found 32-bit 32-to-1 multiplexer for signal <Y> created at line 49.
    Summary:
	inferred   1 Multiplexer(s).
Unit <MUX_32_V2> synthesized.

Synthesizing Unit <ALU>.
    Related source file is "D:\ASU\Sphomore\CSE221  Logic Design and Computer Organization\Major task\phase 2\Phase2_v3\ALU.vhd".
    Found 32-bit adder for signal <n0165> created at line 43.
    Found 32-bit adder for signal <sum> created at line 43.
    Found 1-bit 4-to-1 multiplexer for signal <Z_16_o_abar[31]_MUX_67_o> created at line 47.
    Found 1-bit 4-to-1 multiplexer for signal <Z_16_o_abar[31]_MUX_71_o> created at line 47.
    Found 1-bit 4-to-1 multiplexer for signal <Z_16_o_abar[31]_MUX_75_o> created at line 47.
    Found 1-bit 4-to-1 multiplexer for signal <Z_16_o_abar[31]_MUX_79_o> created at line 47.
    Found 1-bit 4-to-1 multiplexer for signal <Z_16_o_abar[31]_MUX_83_o> created at line 47.
    Found 1-bit 4-to-1 multiplexer for signal <Z_16_o_abar[31]_MUX_87_o> created at line 47.
    Found 1-bit 4-to-1 multiplexer for signal <Z_16_o_abar[31]_MUX_91_o> created at line 47.
    Found 1-bit 4-to-1 multiplexer for signal <Z_16_o_abar[31]_MUX_95_o> created at line 47.
    Found 1-bit 4-to-1 multiplexer for signal <Z_16_o_abar[31]_MUX_99_o> created at line 47.
    Found 1-bit 4-to-1 multiplexer for signal <Z_16_o_abar[31]_MUX_103_o> created at line 47.
    Found 1-bit 4-to-1 multiplexer for signal <Z_16_o_abar[31]_MUX_107_o> created at line 47.
    Found 1-bit 4-to-1 multiplexer for signal <Z_16_o_abar[31]_MUX_111_o> created at line 47.
    Found 1-bit 4-to-1 multiplexer for signal <Z_16_o_abar[31]_MUX_115_o> created at line 47.
    Found 1-bit 4-to-1 multiplexer for signal <Z_16_o_abar[31]_MUX_119_o> created at line 47.
    Found 1-bit 4-to-1 multiplexer for signal <Z_16_o_abar[31]_MUX_123_o> created at line 47.
    Found 1-bit 4-to-1 multiplexer for signal <Z_16_o_abar[31]_MUX_127_o> created at line 47.
    Found 1-bit 4-to-1 multiplexer for signal <Z_16_o_abar[31]_MUX_131_o> created at line 47.
    Found 1-bit 4-to-1 multiplexer for signal <Z_16_o_abar[31]_MUX_135_o> created at line 47.
    Found 1-bit 4-to-1 multiplexer for signal <Z_16_o_abar[31]_MUX_139_o> created at line 47.
    Found 1-bit 4-to-1 multiplexer for signal <Z_16_o_abar[31]_MUX_143_o> created at line 47.
    Found 1-bit 4-to-1 multiplexer for signal <Z_16_o_abar[31]_MUX_147_o> created at line 47.
    Found 1-bit 4-to-1 multiplexer for signal <Z_16_o_abar[31]_MUX_151_o> created at line 47.
    Found 1-bit 4-to-1 multiplexer for signal <Z_16_o_abar[31]_MUX_155_o> created at line 47.
    Found 1-bit 4-to-1 multiplexer for signal <Z_16_o_abar[31]_MUX_159_o> created at line 47.
    Found 1-bit 4-to-1 multiplexer for signal <Z_16_o_abar[31]_MUX_163_o> created at line 47.
    Found 1-bit 4-to-1 multiplexer for signal <Z_16_o_abar[31]_MUX_167_o> created at line 47.
    Found 1-bit 4-to-1 multiplexer for signal <Z_16_o_abar[31]_MUX_171_o> created at line 47.
    Found 1-bit 4-to-1 multiplexer for signal <Z_16_o_abar[31]_MUX_175_o> created at line 47.
    Found 1-bit 4-to-1 multiplexer for signal <Z_16_o_abar[31]_MUX_179_o> created at line 47.
    Found 1-bit 4-to-1 multiplexer for signal <Z_16_o_abar[31]_MUX_183_o> created at line 47.
    Found 1-bit 4-to-1 multiplexer for signal <Z_16_o_abar[31]_MUX_187_o> created at line 47.
    Found 1-bit 4-to-1 multiplexer for signal <Z_16_o_abar[31]_MUX_191_o> created at line 47.
    Found 1-bit tristate buffer for signal <state<31>> created at line 47
    Found 1-bit tristate buffer for signal <state<30>> created at line 47
    Found 1-bit tristate buffer for signal <state<29>> created at line 47
    Found 1-bit tristate buffer for signal <state<28>> created at line 47
    Found 1-bit tristate buffer for signal <state<27>> created at line 47
    Found 1-bit tristate buffer for signal <state<26>> created at line 47
    Found 1-bit tristate buffer for signal <state<25>> created at line 47
    Found 1-bit tristate buffer for signal <state<24>> created at line 47
    Found 1-bit tristate buffer for signal <state<23>> created at line 47
    Found 1-bit tristate buffer for signal <state<22>> created at line 47
    Found 1-bit tristate buffer for signal <state<21>> created at line 47
    Found 1-bit tristate buffer for signal <state<20>> created at line 47
    Found 1-bit tristate buffer for signal <state<19>> created at line 47
    Found 1-bit tristate buffer for signal <state<18>> created at line 47
    Found 1-bit tristate buffer for signal <state<17>> created at line 47
    Found 1-bit tristate buffer for signal <state<16>> created at line 47
    Found 1-bit tristate buffer for signal <state<15>> created at line 47
    Found 1-bit tristate buffer for signal <state<14>> created at line 47
    Found 1-bit tristate buffer for signal <state<13>> created at line 47
    Found 1-bit tristate buffer for signal <state<12>> created at line 47
    Found 1-bit tristate buffer for signal <state<11>> created at line 47
    Found 1-bit tristate buffer for signal <state<10>> created at line 47
    Found 1-bit tristate buffer for signal <state<9>> created at line 47
    Found 1-bit tristate buffer for signal <state<8>> created at line 47
    Found 1-bit tristate buffer for signal <state<7>> created at line 47
    Found 1-bit tristate buffer for signal <state<6>> created at line 47
    Found 1-bit tristate buffer for signal <state<5>> created at line 47
    Found 1-bit tristate buffer for signal <state<4>> created at line 47
    Found 1-bit tristate buffer for signal <state<3>> created at line 47
    Found 1-bit tristate buffer for signal <state<2>> created at line 47
    Found 1-bit tristate buffer for signal <state<1>> created at line 47
    Found 1-bit tristate buffer for signal <state<0>> created at line 47
    Summary:
	inferred   2 Adder/Subtractor(s).
	inferred  34 Multiplexer(s).
	inferred  32 Tristate(s).
Unit <ALU> synthesized.

Synthesizing Unit <signExtend>.
    Related source file is "D:\ASU\Sphomore\CSE221  Logic Design and Computer Organization\Major task\phase 2\Phase2_v3\signExtend.vhd".
    Summary:
	no macro.
Unit <signExtend> synthesized.

Synthesizing Unit <MUX_2_1>.
    Related source file is "D:\ASU\Sphomore\CSE221  Logic Design and Computer Organization\Major task\phase 2\Phase2_v3\MUX_2.vhd".
        n = 5
    Summary:
	inferred   1 Multiplexer(s).
Unit <MUX_2_1> synthesized.

Synthesizing Unit <MUX_2_2>.
    Related source file is "D:\ASU\Sphomore\CSE221  Logic Design and Computer Organization\Major task\phase 2\Phase2_v3\MUX_2.vhd".
        n = 32
    Summary:
	inferred   1 Multiplexer(s).
Unit <MUX_2_2> synthesized.

Synthesizing Unit <Adder>.
    Related source file is "D:\ASU\Sphomore\CSE221  Logic Design and Computer Organization\Major task\phase 2\Phase2_v3\Adder.vhd".
    Found 33-bit adder for signal <result> created at line 35.
    Summary:
	inferred   1 Adder/Subtractor(s).
Unit <Adder> synthesized.

Synthesizing Unit <SL2>.
    Related source file is "D:\ASU\Sphomore\CSE221  Logic Design and Computer Organization\Major task\phase 2\Phase2_v3\SL2.vhd".
        n = 32
WARNING:Xst:647 - Input <I<31:30>> is never used. This port will be preserved and left unconnected if it belongs to a top-level block or it belongs to a sub-block and the hierarchy of this sub-block is preserved.
    Summary:
	no macro.
Unit <SL2> synthesized.

Synthesizing Unit <Controller>.
    Related source file is "D:\ASU\Sphomore\CSE221  Logic Design and Computer Organization\Major task\phase 2\Phase2_v3\Controller.vhd".
    Summary:
	no macro.
Unit <Controller> synthesized.

Synthesizing Unit <Main_Decoder>.
    Related source file is "D:\ASU\Sphomore\CSE221  Logic Design and Computer Organization\Major task\phase 2\Phase2_v3\Main_Decoder.vhd".
    Summary:
	no macro.
Unit <Main_Decoder> synthesized.

Synthesizing Unit <ALUdecoder>.
    Related source file is "D:\ASU\Sphomore\CSE221  Logic Design and Computer Organization\Major task\phase 2\Phase2_v3\ALUdecoder.vhd".
    Summary:
	no macro.
Unit <ALUdecoder> synthesized.

Synthesizing Unit <imem>.
    Related source file is "D:\ASU\Sphomore\CSE221  Logic Design and Computer Organization\Major task\phase 2\Phase2_v3\imem.vhd".
    Found 64x32-bit Read Only RAM for signal <rd>
    Summary:
	inferred   1 RAM(s).
Unit <imem> synthesized.

Synthesizing Unit <dmem>.
    Related source file is "D:\ASU\Sphomore\CSE221  Logic Design and Computer Organization\Major task\phase 2\Phase2_v3\dmem.vhd".
WARNING:Xst:647 - Input <a<1:0>> is never used. This port will be preserved and left unconnected if it belongs to a top-level block or it belongs to a sub-block and the hierarchy of this sub-block is preserved.
WARNING:Xst:647 - Input <a<31:8>> is never used. This port will be preserved and left unconnected if it belongs to a top-level block or it belongs to a sub-block and the hierarchy of this sub-block is preserved.
    Found 64x32-bit single-port RAM <Mram_mem> for signal <mem>.
    Summary:
	inferred   1 RAM(s).
	inferred   1 Multiplexer(s).
Unit <dmem> synthesized.

=========================================================================
HDL Synthesis Report

Macro Statistics
# RAMs                                                 : 3
 32x32-bit single-port Read Only RAM                   : 1
 64x32-bit single-port RAM                             : 1
 64x32-bit single-port Read Only RAM                   : 1
# Adders/Subtractors                                   : 4
 32-bit adder                                          : 2
 33-bit adder                                          : 2
# Registers                                            : 32
 32-bit register                                       : 32
# Multiplexers                                         : 42
 1-bit 4-to-1 multiplexer                              : 32
 32-bit 2-to-1 multiplexer                             : 7
 32-bit 32-to-1 multiplexer                            : 2
 5-bit 2-to-1 multiplexer                              : 1
# Tristates                                            : 32
 1-bit tristate buffer                                 : 32

=========================================================================

=========================================================================
*                       Advanced HDL Synthesis                          *
=========================================================================


Synthesizing (advanced) Unit <Decoder_1_to_32>.
INFO:Xst:3218 - HDL ADVISOR - The RAM <Mram__n0065> will be implemented on LUTs either because you have described an asynchronous read or because of currently unsupported block RAM features. If you have described an asynchronous read, making it synchronous would allow you to take advantage of available block RAM resources, for optimized device usage and improved timings. Please refer to your documentation for coding guidelines.
    -----------------------------------------------------------------------
    | ram_type           | Distributed                         |          |
    -----------------------------------------------------------------------
    | Port A                                                              |
    |     aspect ratio   | 32-word x 32-bit                    |          |
    |     weA            | connected to signal <GND>           | high     |
    |     addrA          | connected to signal <sel>           |          |
    |     diA            | connected to signal <GND>           |          |
    |     doA            | connected to internal node          |          |
    -----------------------------------------------------------------------
Unit <Decoder_1_to_32> synthesized (advanced).

Synthesizing (advanced) Unit <dmem>.
INFO:Xst:3218 - HDL ADVISOR - The RAM <Mram_mem> will be implemented on LUTs either because you have described an asynchronous read or because of currently unsupported block RAM features. If you have described an asynchronous read, making it synchronous would allow you to take advantage of available block RAM resources, for optimized device usage and improved timings. Please refer to your documentation for coding guidelines.
    -----------------------------------------------------------------------
    | ram_type           | Distributed                         |          |
    -----------------------------------------------------------------------
    | Port A                                                              |
    |     aspect ratio   | 64-word x 32-bit                    |          |
    |     clkA           | connected to signal <clk>           | rise     |
    |     weA            | connected to signal <we>            | high     |
    |     addrA          | connected to signal <a>             |          |
    |     diA            | connected to signal <wd>            |          |
    |     doA            | connected to internal node          |          |
    -----------------------------------------------------------------------
Unit <dmem> synthesized (advanced).

Synthesizing (advanced) Unit <imem>.
INFO:Xst:3218 - HDL ADVISOR - The RAM <Mram_rd> will be implemented on LUTs either because you have described an asynchronous read or because of currently unsupported block RAM features. If you have described an asynchronous read, making it synchronous would allow you to take advantage of available block RAM resources, for optimized device usage and improved timings. Please refer to your documentation for coding guidelines.
    -----------------------------------------------------------------------
    | ram_type           | Distributed                         |          |
    -----------------------------------------------------------------------
    | Port A                                                              |
    |     aspect ratio   | 64-word x 32-bit                    |          |
    |     weA            | connected to signal <GND>           | high     |
    |     addrA          | connected to signal <a>             |          |
    |     diA            | connected to signal <GND>           |          |
    |     doA            | connected to signal <rd>            |          |
    -----------------------------------------------------------------------
Unit <imem> synthesized (advanced).

=========================================================================
Advanced HDL Synthesis Report

Macro Statistics
# RAMs                                                 : 3
 32x32-bit single-port distributed Read Only RAM       : 1
 64x32-bit single-port distributed RAM                 : 1
 64x32-bit single-port distributed Read Only RAM       : 1
# Adders/Subtractors                                   : 3
 32-bit adder                                          : 2
 32-bit adder carry in                                 : 1
# Registers                                            : 1024
 Flip-Flops                                            : 1024
# Multiplexers                                         : 42
 1-bit 4-to-1 multiplexer                              : 32
 32-bit 2-to-1 multiplexer                             : 7
 32-bit 32-to-1 multiplexer                            : 2
 5-bit 2-to-1 multiplexer                              : 1

=========================================================================

=========================================================================
*                         Low Level Synthesis                           *
=========================================================================
WARNING:Xst:2042 - Unit Main_Module: 32 internal tristates are replaced by logic (pull-up yes): N10, N11, N12, N13, N14, N15, N16, N17, N18, N19, N2, N20, N21, N22, N23, N24, N25, N26, N27, N28, N29, N3, N30, N31, N32, N33, N4, N5, N6, N7, N8, N9.

Optimizing unit <Registers> ...

Optimizing unit <Main_Module> ...

Optimizing unit <RegisterFile> ...
WARNING:Xst:2677 - Node <MIPS_Processor/datapath/pcregister/Q_31> of sequential type is unconnected in block <Main_Module>.
WARNING:Xst:2677 - Node <MIPS_Processor/datapath/pcregister/Q_30> of sequential type is unconnected in block <Main_Module>.
WARNING:Xst:2677 - Node <MIPS_Processor/datapath/pcregister/Q_29> of sequential type is unconnected in block <Main_Module>.
WARNING:Xst:2677 - Node <MIPS_Processor/datapath/pcregister/Q_28> of sequential type is unconnected in block <Main_Module>.
WARNING:Xst:2677 - Node <MIPS_Processor/datapath/pcregister/Q_27> of sequential type is unconnected in block <Main_Module>.
WARNING:Xst:2677 - Node <MIPS_Processor/datapath/pcregister/Q_26> of sequential type is unconnected in block <Main_Module>.
WARNING:Xst:2677 - Node <MIPS_Processor/datapath/pcregister/Q_25> of sequential type is unconnected in block <Main_Module>.
WARNING:Xst:2677 - Node <MIPS_Processor/datapath/pcregister/Q_24> of sequential type is unconnected in block <Main_Module>.
WARNING:Xst:2677 - Node <MIPS_Processor/datapath/pcregister/Q_23> of sequential type is unconnected in block <Main_Module>.
WARNING:Xst:2677 - Node <MIPS_Processor/datapath/pcregister/Q_22> of sequential type is unconnected in block <Main_Module>.
WARNING:Xst:2677 - Node <MIPS_Processor/datapath/pcregister/Q_21> of sequential type is unconnected in block <Main_Module>.
WARNING:Xst:2677 - Node <MIPS_Processor/datapath/pcregister/Q_20> of sequential type is unconnected in block <Main_Module>.
WARNING:Xst:2677 - Node <MIPS_Processor/datapath/pcregister/Q_19> of sequential type is unconnected in block <Main_Module>.
WARNING:Xst:2677 - Node <MIPS_Processor/datapath/pcregister/Q_18> of sequential type is unconnected in block <Main_Module>.
WARNING:Xst:2677 - Node <MIPS_Processor/datapath/pcregister/Q_17> of sequential type is unconnected in block <Main_Module>.
WARNING:Xst:2677 - Node <MIPS_Processor/datapath/pcregister/Q_16> of sequential type is unconnected in block <Main_Module>.
WARNING:Xst:2677 - Node <MIPS_Processor/datapath/pcregister/Q_15> of sequential type is unconnected in block <Main_Module>.
WARNING:Xst:2677 - Node <MIPS_Processor/datapath/pcregister/Q_14> of sequential type is unconnected in block <Main_Module>.
WARNING:Xst:2677 - Node <MIPS_Processor/datapath/pcregister/Q_13> of sequential type is unconnected in block <Main_Module>.
WARNING:Xst:2677 - Node <MIPS_Processor/datapath/pcregister/Q_12> of sequential type is unconnected in block <Main_Module>.
WARNING:Xst:2677 - Node <MIPS_Processor/datapath/pcregister/Q_11> of sequential type is unconnected in block <Main_Module>.
WARNING:Xst:2677 - Node <MIPS_Processor/datapath/pcregister/Q_10> of sequential type is unconnected in block <Main_Module>.
WARNING:Xst:2677 - Node <MIPS_Processor/datapath/pcregister/Q_9> of sequential type is unconnected in block <Main_Module>.
WARNING:Xst:2677 - Node <MIPS_Processor/datapath/pcregister/Q_8> of sequential type is unconnected in block <Main_Module>.
WARNING:Xst:2677 - Node <MIPS_Processor/datapath/pcregister/Q_1> of sequential type is unconnected in block <Main_Module>.
WARNING:Xst:2677 - Node <MIPS_Processor/datapath/pcregister/Q_0> of sequential type is unconnected in block <Main_Module>.

Mapping all equations...
Building and optimizing final netlist ...
Found area constraint ratio of 100 (+ 5) on block Main_Module, actual ratio is 2.

Final Macro Processing ...

=========================================================================
Final Register Report

Macro Statistics
# Registers                                            : 998
 Flip-Flops                                            : 998

=========================================================================

=========================================================================
*                           Partition Report                            *
=========================================================================

Partition Implementation Status
-------------------------------

  No Partitions were found in this design.

-------------------------------

=========================================================================
*                            Design Summary                             *
=========================================================================

Top Level Output File Name         : Main_Module.ngc

Primitive and Black Box Usage:
------------------------------
# BELS                             : 1028
#      GND                         : 1
#      INV                         : 1
#      LUT1                        : 4
#      LUT2                        : 6
#      LUT3                        : 6
#      LUT4                        : 72
#      LUT5                        : 139
#      LUT6                        : 649
#      MUXCY                       : 41
#      MUXF7                       : 64
#      VCC                         : 1
#      XORCY                       : 44
# FlipFlops/Latches                : 998
#      FDC                         : 6
#      FDCE                        : 992
# RAMS                             : 32
#      RAM64X1S                    : 32
# Clock Buffers                    : 1
#      BUFGP                       : 1
# IO Buffers                       : 66
#      IBUF                        : 1
#      OBUF                        : 65

Device utilization summary:
---------------------------

Selected Device : 7a100tcsg324-3 


Slice Logic Utilization: 
 Number of Slice Registers:             998  out of  126800     0%  
 Number of Slice LUTs:                  909  out of  63400     1%  
    Number used as Logic:               877  out of  63400     1%  
    Number used as Memory:               32  out of  19000     0%  
       Number used as RAM:               32

Slice Logic Distribution: 
 Number of LUT Flip Flop pairs used:   1853
   Number with an unused Flip Flop:     855  out of   1853    46%  
   Number with an unused LUT:           944  out of   1853    50%  
   Number of fully used LUT-FF pairs:    54  out of   1853     2%  
   Number of unique control sets:        32

IO Utilization: 
 Number of IOs:                          67
 Number of bonded IOBs:                  67  out of    210    31%  

Specific Feature Utilization:
 Number of BUFG/BUFGCTRL/BUFHCEs:         1  out of    128     0%  

---------------------------
Partition Resource Summary:
---------------------------

  No Partitions were found in this design.

---------------------------


=========================================================================
Timing Report

NOTE: THESE TIMING NUMBERS ARE ONLY A SYNTHESIS ESTIMATE.
      FOR ACCURATE TIMING INFORMATION PLEASE REFER TO THE TRACE REPORT
      GENERATED AFTER PLACE-and-ROUTE.

Clock Information:
------------------
-----------------------------------+------------------------+-------+
Clock Signal                       | Clock buffer(FF name)  | Load  |
-----------------------------------+------------------------+-------+
clk                                | BUFGP                  | 1030  |
-----------------------------------+------------------------+-------+

Asynchronous Control Signals Information:
----------------------------------------
No asynchronous control signals found in this design

Timing Summary:
---------------
Speed Grade: -3

   Minimum period: 6.231ns (Maximum Frequency: 160.480MHz)
   Minimum input arrival time before clock: 0.823ns
   Maximum output required time after clock: 5.399ns
   Maximum combinational path delay: No path found

Timing Details:
---------------
All values displayed in nanoseconds (ns)

=========================================================================
Timing constraint: Default period analysis for Clock 'clk'
  Clock period: 6.231ns (frequency: 160.480MHz)
  Total number of paths / destination ports: 31349376 / 2246
-------------------------------------------------------------------------
Delay:               6.231ns (Levels of Logic = 28)
  Source:            MIPS_Processor/datapath/pcregister/Q_6 (FF)
  Destination:       MIPS_Processor/datapath/pcregister/Q_7 (FF)
  Source Clock:      clk rising
  Destination Clock: clk rising

  Data Path: MIPS_Processor/datapath/pcregister/Q_6 to MIPS_Processor/datapath/pcregister/Q_7
                                Gate     Net
    Cell:in->out      fanout   Delay   Delay  Logical Name (Net Name)
    ----------------------------------------  ------------
     FDC:C->Q             21   0.361   0.784  MIPS_Processor/datapath/pcregister/Q_6 (MIPS_Processor/datapath/pcregister/Q_6)
     LUT6:I0->O          256   0.097   0.520  Instruction_Memory/Mram_rd211 (instr<21>)
     LUT6:I4->O            1   0.097   0.556  MIPS_Processor/datapath/regfile_inst/MUX1/Mmux_Y_81 (MIPS_Processor/datapath/regfile_inst/MUX1/Mmux_Y_81)
     LUT6:I2->O            1   0.097   0.000  MIPS_Processor/datapath/regfile_inst/MUX1/Mmux_Y_3 (MIPS_Processor/datapath/regfile_inst/MUX1/Mmux_Y_3)
     MUXF7:I1->O           2   0.279   0.384  MIPS_Processor/datapath/regfile_inst/MUX1/Mmux_Y_2_f7 (MIPS_Processor/datapath/reg_read_data1<0>)
     LUT5:I3->O            1   0.097   0.000  MIPS_Processor/datapath/alu_inst/Madd_sum_Madd_lut<0> (MIPS_Processor/datapath/alu_inst/Madd_sum_Madd_lut<0>)
     MUXCY:S->O            1   0.353   0.000  MIPS_Processor/datapath/alu_inst/Madd_sum_Madd_cy<0> (MIPS_Processor/datapath/alu_inst/Madd_sum_Madd_cy<0>)
     MUXCY:CI->O           1   0.023   0.000  MIPS_Processor/datapath/alu_inst/Madd_sum_Madd_cy<1> (MIPS_Processor/datapath/alu_inst/Madd_sum_Madd_cy<1>)
     MUXCY:CI->O           1   0.023   0.000  MIPS_Processor/datapath/alu_inst/Madd_sum_Madd_cy<2> (MIPS_Processor/datapath/alu_inst/Madd_sum_Madd_cy<2>)
     MUXCY:CI->O           1   0.023   0.000  MIPS_Processor/datapath/alu_inst/Madd_sum_Madd_cy<3> (MIPS_Processor/datapath/alu_inst/Madd_sum_Madd_cy<3>)
     MUXCY:CI->O           1   0.023   0.000  MIPS_Processor/datapath/alu_inst/Madd_sum_Madd_cy<4> (MIPS_Processor/datapath/alu_inst/Madd_sum_Madd_cy<4>)
     MUXCY:CI->O           1   0.023   0.000  MIPS_Processor/datapath/alu_inst/Madd_sum_Madd_cy<5> (MIPS_Processor/datapath/alu_inst/Madd_sum_Madd_cy<5>)
     MUXCY:CI->O           1   0.023   0.000  MIPS_Processor/datapath/alu_inst/Madd_sum_Madd_cy<6> (MIPS_Processor/datapath/alu_inst/Madd_sum_Madd_cy<6>)
     MUXCY:CI->O           1   0.023   0.000  MIPS_Processor/datapath/alu_inst/Madd_sum_Madd_cy<7> (MIPS_Processor/datapath/alu_inst/Madd_sum_Madd_cy<7>)
     MUXCY:CI->O           1   0.023   0.000  MIPS_Processor/datapath/alu_inst/Madd_sum_Madd_cy<8> (MIPS_Processor/datapath/alu_inst/Madd_sum_Madd_cy<8>)
     MUXCY:CI->O           1   0.023   0.000  MIPS_Processor/datapath/alu_inst/Madd_sum_Madd_cy<9> (MIPS_Processor/datapath/alu_inst/Madd_sum_Madd_cy<9>)
     MUXCY:CI->O           1   0.023   0.000  MIPS_Processor/datapath/alu_inst/Madd_sum_Madd_cy<10> (MIPS_Processor/datapath/alu_inst/Madd_sum_Madd_cy<10>)
     MUXCY:CI->O           1   0.023   0.000  MIPS_Processor/datapath/alu_inst/Madd_sum_Madd_cy<11> (MIPS_Processor/datapath/alu_inst/Madd_sum_Madd_cy<11>)
     MUXCY:CI->O           1   0.023   0.000  MIPS_Processor/datapath/alu_inst/Madd_sum_Madd_cy<12> (MIPS_Processor/datapath/alu_inst/Madd_sum_Madd_cy<12>)
     MUXCY:CI->O           1   0.023   0.000  MIPS_Processor/datapath/alu_inst/Madd_sum_Madd_cy<13> (MIPS_Processor/datapath/alu_inst/Madd_sum_Madd_cy<13>)
     MUXCY:CI->O           1   0.023   0.000  MIPS_Processor/datapath/alu_inst/Madd_sum_Madd_cy<14> (MIPS_Processor/datapath/alu_inst/Madd_sum_Madd_cy<14>)
     MUXCY:CI->O           1   0.023   0.000  MIPS_Processor/datapath/alu_inst/Madd_sum_Madd_cy<15> (MIPS_Processor/datapath/alu_inst/Madd_sum_Madd_cy<15>)
     MUXCY:CI->O           1   0.023   0.000  MIPS_Processor/datapath/alu_inst/Madd_sum_Madd_cy<16> (MIPS_Processor/datapath/alu_inst/Madd_sum_Madd_cy<16>)
     MUXCY:CI->O           1   0.023   0.000  MIPS_Processor/datapath/alu_inst/Madd_sum_Madd_cy<17> (MIPS_Processor/datapath/alu_inst/Madd_sum_Madd_cy<17>)
     MUXCY:CI->O           1   0.023   0.000  MIPS_Processor/datapath/alu_inst/Madd_sum_Madd_cy<18> (MIPS_Processor/datapath/alu_inst/Madd_sum_Madd_cy<18>)
     XORCY:CI->O           1   0.370   0.295  MIPS_Processor/datapath/alu_inst/Madd_sum_Madd_xor<19> (MIPS_Processor/datapath/alu_inst/sum<19>)
     LUT5:I4->O            3   0.097   0.521  MIPS_Processor/datapath/alu_inst/Mmux_Z_16_o_abar[31]_MUX_115_o11 (dataadr_19_OBUF)
     LUT6:I3->O            6   0.097   0.706  MIPS_Processor/controller/pcsrc4 (MIPS_Processor/controller/pcsrc3)
     LUT6:I1->O            1   0.097   0.000  MIPS_Processor/datapath/pcJumpMUX/Mmux_dataout231 (MIPS_Processor/datapath/pc_in<2>)
     FDC:D                     0.008          MIPS_Processor/datapath/pcregister/Q_2
    ----------------------------------------
    Total                      6.231ns (2.464ns logic, 3.767ns route)
                                       (39.5% logic, 60.5% route)

=========================================================================
Timing constraint: Default OFFSET IN BEFORE for Clock 'clk'
  Total number of paths / destination ports: 998 / 998
-------------------------------------------------------------------------
Offset:              0.823ns (Levels of Logic = 1)
  Source:            reset (PAD)
  Destination:       MIPS_Processor/datapath/regfile_inst/gen_reg[31].REG/Q_31 (FF)
  Destination Clock: clk rising

  Data Path: reset to MIPS_Processor/datapath/regfile_inst/gen_reg[31].REG/Q_31
                                Gate     Net
    Cell:in->out      fanout   Delay   Delay  Logical Name (Net Name)
    ----------------------------------------  ------------
     IBUF:I->O           998   0.001   0.473  reset_IBUF (reset_IBUF)
     FDCE:CLR                  0.349          MIPS_Processor/datapath/regfile_inst/gen_reg[31].REG/Q_0
    ----------------------------------------
    Total                      0.823ns (0.350ns logic, 0.473ns route)
                                       (42.5% logic, 57.5% route)

=========================================================================
Timing constraint: Default OFFSET OUT AFTER for Clock 'clk'
  Total number of paths / destination ports: 305343 / 65
-------------------------------------------------------------------------
Offset:              5.399ns (Levels of Logic = 39)
  Source:            MIPS_Processor/datapath/pcregister/Q_6 (FF)
  Destination:       dataadr<0> (PAD)
  Source Clock:      clk rising

  Data Path: MIPS_Processor/datapath/pcregister/Q_6 to dataadr<0>
                                Gate     Net
    Cell:in->out      fanout   Delay   Delay  Logical Name (Net Name)
    ----------------------------------------  ------------
     FDC:C->Q             21   0.361   0.784  MIPS_Processor/datapath/pcregister/Q_6 (MIPS_Processor/datapath/pcregister/Q_6)
     LUT6:I0->O          256   0.097   0.520  Instruction_Memory/Mram_rd211 (instr<21>)
     LUT6:I4->O            1   0.097   0.556  MIPS_Processor/datapath/regfile_inst/MUX1/Mmux_Y_81 (MIPS_Processor/datapath/regfile_inst/MUX1/Mmux_Y_81)
     LUT6:I2->O            1   0.097   0.000  MIPS_Processor/datapath/regfile_inst/MUX1/Mmux_Y_3 (MIPS_Processor/datapath/regfile_inst/MUX1/Mmux_Y_3)
     MUXF7:I1->O           2   0.279   0.384  MIPS_Processor/datapath/regfile_inst/MUX1/Mmux_Y_2_f7 (MIPS_Processor/datapath/reg_read_data1<0>)
     LUT5:I3->O            1   0.097   0.000  MIPS_Processor/datapath/alu_inst/Madd_sum_Madd_lut<0> (MIPS_Processor/datapath/alu_inst/Madd_sum_Madd_lut<0>)
     MUXCY:S->O            1   0.353   0.000  MIPS_Processor/datapath/alu_inst/Madd_sum_Madd_cy<0> (MIPS_Processor/datapath/alu_inst/Madd_sum_Madd_cy<0>)
     MUXCY:CI->O           1   0.023   0.000  MIPS_Processor/datapath/alu_inst/Madd_sum_Madd_cy<1> (MIPS_Processor/datapath/alu_inst/Madd_sum_Madd_cy<1>)
     MUXCY:CI->O           1   0.023   0.000  MIPS_Processor/datapath/alu_inst/Madd_sum_Madd_cy<2> (MIPS_Processor/datapath/alu_inst/Madd_sum_Madd_cy<2>)
     MUXCY:CI->O           1   0.023   0.000  MIPS_Processor/datapath/alu_inst/Madd_sum_Madd_cy<3> (MIPS_Processor/datapath/alu_inst/Madd_sum_Madd_cy<3>)
     MUXCY:CI->O           1   0.023   0.000  MIPS_Processor/datapath/alu_inst/Madd_sum_Madd_cy<4> (MIPS_Processor/datapath/alu_inst/Madd_sum_Madd_cy<4>)
     MUXCY:CI->O           1   0.023   0.000  MIPS_Processor/datapath/alu_inst/Madd_sum_Madd_cy<5> (MIPS_Processor/datapath/alu_inst/Madd_sum_Madd_cy<5>)
     MUXCY:CI->O           1   0.023   0.000  MIPS_Processor/datapath/alu_inst/Madd_sum_Madd_cy<6> (MIPS_Processor/datapath/alu_inst/Madd_sum_Madd_cy<6>)
     MUXCY:CI->O           1   0.023   0.000  MIPS_Processor/datapath/alu_inst/Madd_sum_Madd_cy<7> (MIPS_Processor/datapath/alu_inst/Madd_sum_Madd_cy<7>)
     MUXCY:CI->O           1   0.023   0.000  MIPS_Processor/datapath/alu_inst/Madd_sum_Madd_cy<8> (MIPS_Processor/datapath/alu_inst/Madd_sum_Madd_cy<8>)
     MUXCY:CI->O           1   0.023   0.000  MIPS_Processor/datapath/alu_inst/Madd_sum_Madd_cy<9> (MIPS_Processor/datapath/alu_inst/Madd_sum_Madd_cy<9>)
     MUXCY:CI->O           1   0.023   0.000  MIPS_Processor/datapath/alu_inst/Madd_sum_Madd_cy<10> (MIPS_Processor/datapath/alu_inst/Madd_sum_Madd_cy<10>)
     MUXCY:CI->O           1   0.023   0.000  MIPS_Processor/datapath/alu_inst/Madd_sum_Madd_cy<11> (MIPS_Processor/datapath/alu_inst/Madd_sum_Madd_cy<11>)
     MUXCY:CI->O           1   0.023   0.000  MIPS_Processor/datapath/alu_inst/Madd_sum_Madd_cy<12> (MIPS_Processor/datapath/alu_inst/Madd_sum_Madd_cy<12>)
     MUXCY:CI->O           1   0.023   0.000  MIPS_Processor/datapath/alu_inst/Madd_sum_Madd_cy<13> (MIPS_Processor/datapath/alu_inst/Madd_sum_Madd_cy<13>)
     MUXCY:CI->O           1   0.023   0.000  MIPS_Processor/datapath/alu_inst/Madd_sum_Madd_cy<14> (MIPS_Processor/datapath/alu_inst/Madd_sum_Madd_cy<14>)
     MUXCY:CI->O           1   0.023   0.000  MIPS_Processor/datapath/alu_inst/Madd_sum_Madd_cy<15> (MIPS_Processor/datapath/alu_inst/Madd_sum_Madd_cy<15>)
     MUXCY:CI->O           1   0.023   0.000  MIPS_Processor/datapath/alu_inst/Madd_sum_Madd_cy<16> (MIPS_Processor/datapath/alu_inst/Madd_sum_Madd_cy<16>)
     MUXCY:CI->O           1   0.023   0.000  MIPS_Processor/datapath/alu_inst/Madd_sum_Madd_cy<17> (MIPS_Processor/datapath/alu_inst/Madd_sum_Madd_cy<17>)
     MUXCY:CI->O           1   0.023   0.000  MIPS_Processor/datapath/alu_inst/Madd_sum_Madd_cy<18> (MIPS_Processor/datapath/alu_inst/Madd_sum_Madd_cy<18>)
     MUXCY:CI->O           1   0.023   0.000  MIPS_Processor/datapath/alu_inst/Madd_sum_Madd_cy<19> (MIPS_Processor/datapath/alu_inst/Madd_sum_Madd_cy<19>)
     MUXCY:CI->O           1   0.023   0.000  MIPS_Processor/datapath/alu_inst/Madd_sum_Madd_cy<20> (MIPS_Processor/datapath/alu_inst/Madd_sum_Madd_cy<20>)
     MUXCY:CI->O           1   0.023   0.000  MIPS_Processor/datapath/alu_inst/Madd_sum_Madd_cy<21> (MIPS_Processor/datapath/alu_inst/Madd_sum_Madd_cy<21>)
     MUXCY:CI->O           1   0.023   0.000  MIPS_Processor/datapath/alu_inst/Madd_sum_Madd_cy<22> (MIPS_Processor/datapath/alu_inst/Madd_sum_Madd_cy<22>)
     MUXCY:CI->O           1   0.023   0.000  MIPS_Processor/datapath/alu_inst/Madd_sum_Madd_cy<23> (MIPS_Processor/datapath/alu_inst/Madd_sum_Madd_cy<23>)
     MUXCY:CI->O           1   0.023   0.000  MIPS_Processor/datapath/alu_inst/Madd_sum_Madd_cy<24> (MIPS_Processor/datapath/alu_inst/Madd_sum_Madd_cy<24>)
     MUXCY:CI->O           1   0.023   0.000  MIPS_Processor/datapath/alu_inst/Madd_sum_Madd_cy<25> (MIPS_Processor/datapath/alu_inst/Madd_sum_Madd_cy<25>)
     MUXCY:CI->O           1   0.023   0.000  MIPS_Processor/datapath/alu_inst/Madd_sum_Madd_cy<26> (MIPS_Processor/datapath/alu_inst/Madd_sum_Madd_cy<26>)
     MUXCY:CI->O           1   0.023   0.000  MIPS_Processor/datapath/alu_inst/Madd_sum_Madd_cy<27> (MIPS_Processor/datapath/alu_inst/Madd_sum_Madd_cy<27>)
     MUXCY:CI->O           1   0.023   0.000  MIPS_Processor/datapath/alu_inst/Madd_sum_Madd_cy<28> (MIPS_Processor/datapath/alu_inst/Madd_sum_Madd_cy<28>)
     MUXCY:CI->O           1   0.023   0.000  MIPS_Processor/datapath/alu_inst/Madd_sum_Madd_cy<29> (MIPS_Processor/datapath/alu_inst/Madd_sum_Madd_cy<29>)
     MUXCY:CI->O           0   0.023   0.000  MIPS_Processor/datapath/alu_inst/Madd_sum_Madd_cy<30> (MIPS_Processor/datapath/alu_inst/Madd_sum_Madd_cy<30>)
     XORCY:CI->O           3   0.370   0.305  MIPS_Processor/datapath/alu_inst/Madd_sum_Madd_xor<31> (MIPS_Processor/datapath/alu_inst/sum<31>)
     LUT6:I5->O            8   0.097   0.311  MIPS_Processor/datapath/alu_inst/Mmux_Z_16_o_abar[31]_MUX_191_o11 (dataadr_0_OBUF)
     OBUF:I->O                 0.000          dataadr_0_OBUF (dataadr<0>)
    ----------------------------------------
    Total                      5.399ns (2.538ns logic, 2.861ns route)
                                       (47.0% logic, 53.0% route)

=========================================================================

Cross Clock Domains Report:
--------------------------

Clock to Setup on destination clock clk
---------------+---------+---------+---------+---------+
               | Src:Rise| Src:Fall| Src:Rise| Src:Fall|
Source Clock   |Dest:Rise|Dest:Rise|Dest:Fall|Dest:Fall|
---------------+---------+---------+---------+---------+
clk            |    6.231|         |         |         |
---------------+---------+---------+---------+---------+

=========================================================================


Total REAL time to Xst completion: 67.00 secs
Total CPU time to Xst completion: 67.74 secs
 
--> 

Total memory usage is 4846464 kilobytes

Number of errors   :    0 (   0 filtered)
Number of warnings :   36 (   0 filtered)
Number of infos    :    4 (   0 filtered)

